# JRE version: OpenJDK Runtime Environment Microsoft-7208460 (11.0.18+10) (build 11.0.18+10-LTS)
# Java VM: OpenJDK 64-Bit Server VM Microsoft-7208460 (11.0.18+10-LTS, mixed mode, tiered, compressed oops, g1 gc, windows-amd64)
Heap:
 garbage-first heap   total 129024K, used 51239K [0x0000000080000000, 0x0000000100000000)
  region size 1024K, 10 young (10240K), 6 survivors (6144K)
 Metaspace       used 67055K, capacity 68967K, committed 69072K, reserved 577536K
  class space    used 8700K, capacity 9477K, committed 9504K, reserved 516096K
GC Heap History (20 events):
Event: 72.921 GC heap before
{Heap before GC invocations=7 (full 0):
 garbage-first heap   total 129024K, used 35490K [0x0000000080000000, 0x0000000100000000)
  region size 1024K, 20 young (20480K), 5 survivors (5120K)
 Metaspace       used 35160K, capacity 35936K, committed 36048K, reserved 548864K
  class space    used 4487K, capacity 4822K, committed 4896K, reserved 516096K
}
Event: 72.951 GC heap after
{Heap after GC invocations=8 (full 0):
 garbage-first heap   total 129024K, used 22971K [0x0000000080000000, 0x0000000100000000)
  region size 1024K, 6 young (6144K), 6 survivors (6144K)
 Metaspace       used 35160K, capacity 35936K, committed 36048K, reserved 548864K
  class space    used 4487K, capacity 4822K, committed 4896K, reserved 516096K
}
Event: 76.859 GC heap before
{Heap before GC invocations=9 (full 0):
 garbage-first heap   total 129024K, used 82363K [0x0000000080000000, 0x0000000100000000)
  region size 1024K, 61 young (62464K), 6 survivors (6144K)
 Metaspace       used 40190K, capacity 41149K, committed 41168K, reserved 552960K
  class space    used 5040K, capacity 5404K, committed 5408K, reserved 516096K
}
Event: 76.884 GC heap after
{Heap after GC invocations=10 (full 0):
 garbage-first heap   total 129024K, used 28120K [0x0000000080000000, 0x0000000100000000)
  region size 1024K, 8 young (8192K), 8 survivors (8192K)
 Metaspace       used 40190K, capacity 41149K, committed 41168K, reserved 552960K
  class space    used 5040K, capacity 5404K, committed 5408K, reserved 516096K
}
Event: 147.698 GC heap before
{Heap before GC invocations=10 (full 0):
 garbage-first heap   total 129024K, used 87512K [0x0000000080000000, 0x0000000100000000)
  region size 1024K, 65 young (66560K), 8 survivors (8192K)
 Metaspace       used 43653K, capacity 44792K, committed 45008K, reserved 557056K
  class space    used 5443K, capacity 5884K, committed 5920K, reserved 516096K
}
Event: 147.745 GC heap after
{Heap after GC invocations=11 (full 0):
 garbage-first heap   total 129024K, used 30263K [0x0000000080000000, 0x0000000100000000)
  region size 1024K, 7 young (7168K), 7 survivors (7168K)
 Metaspace       used 43653K, capacity 44792K, committed 45008K, reserved 557056K
  class space    used 5443K, capacity 5884K, committed 5920K, reserved 516096K
}
Event: 173.644 GC heap before
{Heap before GC invocations=11 (full 0):
 garbage-first heap   total 129024K, used 89655K [0x0000000080000000, 0x0000000100000000)
  region size 1024K, 65 young (66560K), 7 survivors (7168K)
 Metaspace       used 48070K, capacity 49418K, committed 49616K, reserved 559104K
  class space    used 6139K, capacity 6654K, committed 6688K, reserved 516096K
}
Event: 173.664 GC heap after
{Heap after GC invocations=12 (full 0):
 garbage-first heap   total 129024K, used 32770K [0x0000000080000000, 0x0000000100000000)
  region size 1024K, 6 young (6144K), 6 survivors (6144K)
 Metaspace       used 48070K, capacity 49418K, committed 49616K, reserved 559104K
  class space    used 6139K, capacity 6654K, committed 6688K, reserved 516096K
}
Event: 204.521 GC heap before
{Heap before GC invocations=12 (full 0):
 garbage-first heap   total 129024K, used 96258K [0x0000000080000000, 0x0000000100000000)
  region size 1024K, 64 young (65536K), 6 survivors (6144K)
 Metaspace       used 51351K, capacity 52775K, committed 52944K, reserved 563200K
  class space    used 6549K, capacity 7132K, committed 7200K, reserved 516096K
}
Event: 204.540 GC heap after
{Heap after GC invocations=13 (full 0):
 garbage-first heap   total 129024K, used 39854K [0x0000000080000000, 0x0000000100000000)
  region size 1024K, 6 young (6144K), 6 survivors (6144K)
 Metaspace       used 51351K, capacity 52775K, committed 52944K, reserved 563200K
  class space    used 6549K, capacity 7132K, committed 7200K, reserved 516096K
}
Event: 215.457 GC heap before
{Heap before GC invocations=13 (full 0):
 garbage-first heap   total 129024K, used 97198K [0x0000000080000000, 0x0000000100000000)
  region size 1024K, 62 young (63488K), 6 survivors (6144K)
 Metaspace       used 57125K, capacity 58801K, committed 58960K, reserved 567296K
  class space    used 7387K, capacity 8077K, committed 8096K, reserved 516096K
}
Event: 215.477 GC heap after
{Heap after GC invocations=14 (full 0):
 garbage-first heap   total 129024K, used 42126K [0x0000000080000000, 0x0000000100000000)
  region size 1024K, 6 young (6144K), 6 survivors (6144K)
 Metaspace       used 57125K, capacity 58801K, committed 58960K, reserved 567296K
  class space    used 7387K, capacity 8077K, committed 8096K, reserved 516096K
}
Event: 217.534 GC heap before
{Heap before GC invocations=14 (full 0):
 garbage-first heap   total 129024K, used 59534K [0x0000000080000000, 0x0000000100000000)
  region size 1024K, 24 young (24576K), 6 survivors (6144K)
 Metaspace       used 58735K, capacity 60394K, committed 60496K, reserved 569344K
  class space    used 7613K, capacity 8311K, committed 8352K, reserved 516096K
}
Event: 217.567 GC heap after
{Heap after GC invocations=15 (full 0):
 garbage-first heap   total 129024K, used 43185K [0x0000000080000000, 0x0000000100000000)
  region size 1024K, 4 young (4096K), 4 survivors (4096K)
 Metaspace       used 58735K, capacity 60394K, committed 60496K, reserved 569344K
  class space    used 7613K, capacity 8311K, committed 8352K, reserved 516096K
}
Event: 220.614 GC heap before
{Heap before GC invocations=16 (full 0):
 garbage-first heap   total 129024K, used 94385K [0x0000000080000000, 0x0000000100000000)
  region size 1024K, 54 young (55296K), 4 survivors (4096K)
 Metaspace       used 62215K, capacity 63914K, committed 64080K, reserved 571392K
  class space    used 8073K, capacity 8759K, committed 8864K, reserved 516096K
}
Event: 220.629 GC heap after
{Heap after GC invocations=17 (full 0):
 garbage-first heap   total 129024K, used 43603K [0x0000000080000000, 0x0000000100000000)
  region size 1024K, 4 young (4096K), 4 survivors (4096K)
 Metaspace       used 62215K, capacity 63914K, committed 64080K, reserved 571392K
  class space    used 8073K, capacity 8759K, committed 8864K, reserved 516096K
}
Event: 252.619 GC heap before
{Heap before GC invocations=17 (full 0):
 garbage-first heap   total 129024K, used 96851K [0x0000000080000000, 0x0000000100000000)
  region size 1024K, 57 young (58368K), 4 survivors (4096K)
 Metaspace       used 64900K, capacity 66771K, committed 67024K, reserved 575488K
  class space    used 8433K, capacity 9208K, committed 9248K, reserved 516096K
}
Event: 252.645 GC heap after
{Heap after GC invocations=18 (full 0):
 garbage-first heap   total 129024K, used 46287K [0x0000000080000000, 0x0000000100000000)
  region size 1024K, 7 young (7168K), 7 survivors (7168K)
 Metaspace       used 64900K, capacity 66771K, committed 67024K, reserved 575488K
  class space    used 8433K, capacity 9208K, committed 9248K, reserved 516096K
}
Event: 309.489 GC heap before
{Heap before GC invocations=18 (full 0):
 garbage-first heap   total 129024K, used 99535K [0x0000000080000000, 0x0000000100000000)
  region size 1024K, 59 young (60416K), 7 survivors (7168K)
 Metaspace       used 66868K, capacity 68821K, committed 69072K, reserved 577536K
  class space    used 8679K, capacity 9473K, committed 9504K, reserved 516096K
}
Event: 309.702 GC heap after
{Heap after GC invocations=19 (full 0):
 garbage-first heap   total 129024K, used 48167K [0x0000000080000000, 0x0000000100000000)
  region size 1024K, 6 young (6144K), 6 survivors (6144K)
 Metaspace       used 66868K, capacity 68821K, committed 69072K, reserved 577536K
  class space    used 8679K, capacity 9473K, committed 9504K, reserved 516096K
}

