# JRE version: OpenJDK Runtime Environment Microsoft-7208460 (11.0.18+10) (build 11.0.18+10-LTS)
# Java VM: OpenJDK 64-Bit Server VM Microsoft-7208460 (11.0.18+10-LTS, mixed mode, tiered, compressed oops, g1 gc, windows-amd64)
Heap:
 garbage-first heap   total 155648K, used 42826K [0x0000000080000000, 0x0000000100000000)
  region size 1024K, 14 young (14336K), 3 survivors (3072K)
 Metaspace       used 50407K, capacity 51832K, committed 51920K, reserved 561152K
  class space    used 6449K, capacity 7031K, committed 7040K, reserved 516096K
GC Heap History (20 events):
Event: 103.658 GC heap before
{Heap before GC invocations=6 (full 0):
 garbage-first heap   total 129024K, used 29284K [0x0000000080000000, 0x0000000100000000)
  region size 1024K, 14 young (14336K), 5 survivors (5120K)
 Metaspace       used 35008K, capacity 35777K, committed 35920K, reserved 548864K
  class space    used 4463K, capacity 4790K, committed 4864K, reserved 516096K
}
Event: 103.683 GC heap after
{Heap after GC invocations=7 (full 0):
 garbage-first heap   total 129024K, used 22796K [0x0000000080000000, 0x0000000100000000)
  region size 1024K, 6 young (6144K), 6 survivors (6144K)
 Metaspace       used 35008K, capacity 35777K, committed 35920K, reserved 548864K
  class space    used 4463K, capacity 4790K, committed 4864K, reserved 516096K
}
Event: 114.495 GC heap before
{Heap before GC invocations=8 (full 0):
 garbage-first heap   total 129024K, used 85260K [0x0000000080000000, 0x0000000100000000)
  region size 1024K, 64 young (65536K), 6 survivors (6144K)
 Metaspace       used 40251K, capacity 41250K, committed 41424K, reserved 552960K
  class space    used 5046K, capacity 5437K, committed 5504K, reserved 516096K
}
Event: 114.535 GC heap after
{Heap after GC invocations=9 (full 0):
 garbage-first heap   total 129024K, used 28120K [0x0000000080000000, 0x0000000100000000)
  region size 1024K, 8 young (8192K), 8 survivors (8192K)
 Metaspace       used 40251K, capacity 41250K, committed 41424K, reserved 552960K
  class space    used 5046K, capacity 5437K, committed 5504K, reserved 516096K
}
Event: 226.112 GC heap before
{Heap before GC invocations=10 (full 0):
 garbage-first heap   total 129024K, used 88536K [0x0000000080000000, 0x0000000100000000)
  region size 1024K, 66 young (67584K), 8 survivors (8192K)
 Metaspace       used 43842K, capacity 44991K, committed 45264K, reserved 557056K
  class space    used 5481K, capacity 5931K, committed 6016K, reserved 516096K
}
Event: 228.599 GC heap after
{Heap after GC invocations=11 (full 0):
 garbage-first heap   total 129024K, used 30077K [0x0000000080000000, 0x0000000100000000)
  region size 1024K, 7 young (7168K), 7 survivors (7168K)
 Metaspace       used 43842K, capacity 44991K, committed 45264K, reserved 557056K
  class space    used 5481K, capacity 5931K, committed 6016K, reserved 516096K
}
Event: 230.103 GC heap before
{Heap before GC invocations=11 (full 0):
 garbage-first heap   total 129024K, used 31101K [0x0000000080000000, 0x0000000100000000)
  region size 1024K, 8 young (8192K), 7 survivors (7168K)
 Metaspace       used 43897K, capacity 45073K, committed 45264K, reserved 557056K
  class space    used 5490K, capacity 5937K, committed 6016K, reserved 516096K
}
Event: 230.118 GC heap after
{Heap after GC invocations=12 (full 0):
 garbage-first heap   total 129024K, used 30784K [0x0000000080000000, 0x0000000100000000)
  region size 1024K, 1 young (1024K), 1 survivors (1024K)
 Metaspace       used 43897K, capacity 45073K, committed 45264K, reserved 557056K
  class space    used 5490K, capacity 5937K, committed 6016K, reserved 516096K
}
Event: 233.659 GC heap before
{Heap before GC invocations=12 (full 0):
 garbage-first heap   total 129024K, used 35904K [0x0000000080000000, 0x0000000100000000)
  region size 1024K, 6 young (6144K), 1 survivors (1024K)
 Metaspace       used 44302K, capacity 45486K, committed 45520K, reserved 557056K
  class space    used 5552K, capacity 6009K, committed 6016K, reserved 516096K
}
Event: 233.665 GC heap after
{Heap after GC invocations=13 (full 0):
 garbage-first heap   total 129024K, used 30292K [0x0000000080000000, 0x0000000100000000)
  region size 1024K, 1 young (1024K), 1 survivors (1024K)
 Metaspace       used 44302K, capacity 45486K, committed 45520K, reserved 557056K
  class space    used 5552K, capacity 6009K, committed 6016K, reserved 516096K
}
Event: 238.416 GC heap before
{Heap before GC invocations=13 (full 0):
 garbage-first heap   total 129024K, used 37460K [0x0000000080000000, 0x0000000100000000)
  region size 1024K, 8 young (8192K), 1 survivors (1024K)
 Metaspace       used 44860K, capacity 46053K, committed 46160K, reserved 557056K
  class space    used 5652K, capacity 6111K, committed 6144K, reserved 516096K
}
Event: 238.426 GC heap after
{Heap after GC invocations=14 (full 0):
 garbage-first heap   total 129024K, used 30430K [0x0000000080000000, 0x0000000100000000)
  region size 1024K, 1 young (1024K), 1 survivors (1024K)
 Metaspace       used 44860K, capacity 46053K, committed 46160K, reserved 557056K
  class space    used 5652K, capacity 6111K, committed 6144K, reserved 516096K
}
Event: 257.068 GC heap before
{Heap before GC invocations=14 (full 0):
 garbage-first heap   total 129024K, used 42718K [0x0000000080000000, 0x0000000100000000)
  region size 1024K, 13 young (13312K), 1 survivors (1024K)
 Metaspace       used 45689K, capacity 46984K, committed 47056K, reserved 557056K
  class space    used 5766K, capacity 6271K, committed 6272K, reserved 516096K
}
Event: 257.120 GC heap after
{Heap after GC invocations=15 (full 0):
 garbage-first heap   total 155648K, used 30869K [0x0000000080000000, 0x0000000100000000)
  region size 1024K, 2 young (2048K), 2 survivors (2048K)
 Metaspace       used 45689K, capacity 46984K, committed 47056K, reserved 557056K
  class space    used 5766K, capacity 6271K, committed 6272K, reserved 516096K
}
Event: 263.498 GC heap before
{Heap before GC invocations=15 (full 0):
 garbage-first heap   total 155648K, used 45205K [0x0000000080000000, 0x0000000100000000)
  region size 1024K, 16 young (16384K), 2 survivors (2048K)
 Metaspace       used 46632K, capacity 47919K, committed 48080K, reserved 559104K
  class space    used 5923K, capacity 6411K, committed 6528K, reserved 516096K
}
Event: 263.506 GC heap after
{Heap after GC invocations=16 (full 0):
 garbage-first heap   total 155648K, used 31625K [0x0000000080000000, 0x0000000100000000)
  region size 1024K, 2 young (2048K), 2 survivors (2048K)
 Metaspace       used 46632K, capacity 47919K, committed 48080K, reserved 559104K
  class space    used 5923K, capacity 6411K, committed 6528K, reserved 516096K
}
Event: 273.883 GC heap before
{Heap before GC invocations=16 (full 0):
 garbage-first heap   total 155648K, used 52105K [0x0000000080000000, 0x0000000100000000)
  region size 1024K, 22 young (22528K), 2 survivors (2048K)
 Metaspace       used 48313K, capacity 49620K, committed 49872K, reserved 561152K
  class space    used 6178K, capacity 6699K, committed 6784K, reserved 516096K
}
Event: 273.889 GC heap after
{Heap after GC invocations=17 (full 0):
 garbage-first heap   total 155648K, used 32413K [0x0000000080000000, 0x0000000100000000)
  region size 1024K, 3 young (3072K), 3 survivors (3072K)
 Metaspace       used 48313K, capacity 49620K, committed 49872K, reserved 561152K
  class space    used 6178K, capacity 6699K, committed 6784K, reserved 516096K
}
Event: 282.184 GC heap before
{Heap before GC invocations=17 (full 0):
 garbage-first heap   total 155648K, used 58013K [0x0000000080000000, 0x0000000100000000)
  region size 1024K, 28 young (28672K), 3 survivors (3072K)
 Metaspace       used 50141K, capacity 51568K, committed 51664K, reserved 561152K
  class space    used 6420K, capacity 6987K, committed 7040K, reserved 516096K
}
Event: 282.276 GC heap after
{Heap after GC invocations=18 (full 0):
 garbage-first heap   total 155648K, used 32586K [0x0000000080000000, 0x0000000100000000)
  region size 1024K, 3 young (3072K), 3 survivors (3072K)
 Metaspace       used 50141K, capacity 51568K, committed 51664K, reserved 561152K
  class space    used 6420K, capacity 6987K, committed 7040K, reserved 516096K
}

