# JRE version: OpenJDK Runtime Environment Microsoft-7208460 (11.0.18+10) (build 11.0.18+10-LTS)
# Java VM: OpenJDK 64-Bit Server VM Microsoft-7208460 (11.0.18+10-LTS, mixed mode, tiered, compressed oops, g1 gc, windows-amd64)
Heap:
 garbage-first heap   total 129024K, used 76650K [0x0000000080000000, 0x0000000100000000)
  region size 1024K, 17 young (17408K), 3 survivors (3072K)
 Metaspace       used 78214K, capacity 80501K, committed 80636K, reserved 585728K
  class space    used 10057K, capacity 10981K, committed 11084K, reserved 516096K
GC Heap History (20 events):
Event: 236.310 GC heap before
{Heap before GC invocations=16 (full 0):
 garbage-first heap   total 129024K, used 101984K [0x0000000080000000, 0x0000000100000000)
  region size 1024K, 63 young (64512K), 7 survivors (7168K)
 Metaspace       used 68353K, capacity 70511K, committed 70652K, reserved 577536K
  class space    used 8914K, capacity 9757K, committed 9804K, reserved 516096K
}
Event: 236.339 GC heap after
{Heap after GC invocations=17 (full 0):
 garbage-first heap   total 129024K, used 49513K [0x0000000080000000, 0x0000000100000000)
  region size 1024K, 8 young (8192K), 8 survivors (8192K)
 Metaspace       used 68353K, capacity 70511K, committed 70652K, reserved 577536K
  class space    used 8914K, capacity 9757K, committed 9804K, reserved 516096K
}
Event: 264.749 GC heap before
{Heap before GC invocations=17 (full 0):
 garbage-first heap   total 129024K, used 103785K [0x0000000080000000, 0x0000000100000000)
  region size 1024K, 62 young (63488K), 8 survivors (8192K)
 Metaspace       used 71152K, capacity 73332K, committed 73596K, reserved 579584K
  class space    used 9238K, capacity 10094K, committed 10188K, reserved 516096K
}
Event: 265.685 GC heap after
{Heap after GC invocations=18 (full 0):
 garbage-first heap   total 129024K, used 51383K [0x0000000080000000, 0x0000000100000000)
  region size 1024K, 6 young (6144K), 6 survivors (6144K)
 Metaspace       used 71152K, capacity 73332K, committed 73596K, reserved 579584K
  class space    used 9238K, capacity 10094K, committed 10188K, reserved 516096K
}
Event: 266.124 GC heap before
{Heap before GC invocations=18 (full 0):
 garbage-first heap   total 129024K, used 51383K [0x0000000080000000, 0x0000000100000000)
  region size 1024K, 7 young (7168K), 6 survivors (6144K)
 Metaspace       used 71157K, capacity 73332K, committed 73596K, reserved 579584K
  class space    used 9238K, capacity 10094K, committed 10188K, reserved 516096K
}
Event: 267.518 GC heap after
{Heap after GC invocations=19 (full 0):
 garbage-first heap   total 129024K, used 52204K [0x0000000080000000, 0x0000000100000000)
  region size 1024K, 1 young (1024K), 1 survivors (1024K)
 Metaspace       used 71157K, capacity 73332K, committed 73596K, reserved 579584K
  class space    used 9238K, capacity 10094K, committed 10188K, reserved 516096K
}
Event: 276.369 GC heap before
{Heap before GC invocations=19 (full 0):
 garbage-first heap   total 129024K, used 56300K [0x0000000080000000, 0x0000000100000000)
  region size 1024K, 6 young (6144K), 1 survivors (1024K)
 Metaspace       used 71160K, capacity 73332K, committed 73596K, reserved 579584K
  class space    used 9238K, capacity 10094K, committed 10188K, reserved 516096K
}
Event: 276.375 GC heap after
{Heap after GC invocations=20 (full 0):
 garbage-first heap   total 129024K, used 51463K [0x0000000080000000, 0x0000000100000000)
  region size 1024K, 1 young (1024K), 1 survivors (1024K)
 Metaspace       used 71160K, capacity 73332K, committed 73596K, reserved 579584K
  class space    used 9238K, capacity 10094K, committed 10188K, reserved 516096K
}
Event: 280.340 GC heap before
{Heap before GC invocations=20 (full 0):
 garbage-first heap   total 129024K, used 59655K [0x0000000080000000, 0x0000000100000000)
  region size 1024K, 10 young (10240K), 1 survivors (1024K)
 Metaspace       used 71215K, capacity 73339K, committed 73596K, reserved 579584K
  class space    used 9238K, capacity 10094K, committed 10188K, reserved 516096K
}
Event: 280.349 GC heap after
{Heap after GC invocations=21 (full 0):
 garbage-first heap   total 129024K, used 52462K [0x0000000080000000, 0x0000000100000000)
  region size 1024K, 2 young (2048K), 2 survivors (2048K)
 Metaspace       used 71215K, capacity 73339K, committed 73596K, reserved 579584K
  class space    used 9238K, capacity 10094K, committed 10188K, reserved 516096K
}
Event: 287.025 GC heap before
{Heap before GC invocations=21 (full 0):
 garbage-first heap   total 129024K, used 64750K [0x0000000080000000, 0x0000000100000000)
  region size 1024K, 13 young (13312K), 2 survivors (2048K)
 Metaspace       used 71749K, capacity 73949K, committed 74108K, reserved 581632K
  class space    used 9310K, capacity 10169K, committed 10188K, reserved 516096K
}
Event: 287.085 GC heap after
{Heap after GC invocations=22 (full 0):
 garbage-first heap   total 129024K, used 57690K [0x0000000080000000, 0x0000000100000000)
  region size 1024K, 2 young (2048K), 2 survivors (2048K)
 Metaspace       used 71749K, capacity 73949K, committed 74108K, reserved 581632K
  class space    used 9310K, capacity 10169K, committed 10188K, reserved 516096K
}
Event: 292.573 GC heap before
{Heap before GC invocations=22 (full 0):
 garbage-first heap   total 129024K, used 64858K [0x0000000080000000, 0x0000000100000000)
  region size 1024K, 11 young (11264K), 2 survivors (2048K)
 Metaspace       used 72869K, capacity 74979K, committed 75004K, reserved 581632K
  class space    used 9447K, capacity 10298K, committed 10316K, reserved 516096K
}
Event: 292.655 GC heap after
{Heap after GC invocations=23 (full 0):
 garbage-first heap   total 129024K, used 57907K [0x0000000080000000, 0x0000000100000000)
  region size 1024K, 1 young (1024K), 1 survivors (1024K)
 Metaspace       used 72869K, capacity 74979K, committed 75004K, reserved 581632K
  class space    used 9447K, capacity 10298K, committed 10316K, reserved 516096K
}
Event: 298.842 GC heap before
{Heap before GC invocations=24 (full 0):
 garbage-first heap   total 129024K, used 69171K [0x0000000080000000, 0x0000000100000000)
  region size 1024K, 13 young (13312K), 1 survivors (1024K)
 Metaspace       used 74078K, capacity 76347K, committed 76540K, reserved 583680K
  class space    used 9596K, capacity 10494K, committed 10572K, reserved 516096K
}
Event: 298.936 GC heap after
{Heap after GC invocations=25 (full 0):
 garbage-first heap   total 129024K, used 59546K [0x0000000080000000, 0x0000000100000000)
  region size 1024K, 2 young (2048K), 2 survivors (2048K)
 Metaspace       used 74078K, capacity 76347K, committed 76540K, reserved 583680K
  class space    used 9596K, capacity 10494K, committed 10572K, reserved 516096K
}
Event: 299.585 GC heap before
{Heap before GC invocations=26 (full 0):
 garbage-first heap   total 129024K, used 62618K [0x0000000080000000, 0x0000000100000000)
  region size 1024K, 6 young (6144K), 2 survivors (2048K)
 Metaspace       used 74284K, capacity 76507K, committed 76796K, reserved 583680K
  class space    used 9624K, capacity 10526K, committed 10572K, reserved 516096K
}
Event: 299.620 GC heap after
{Heap after GC invocations=27 (full 0):
 garbage-first heap   total 129024K, used 60103K [0x0000000080000000, 0x0000000100000000)
  region size 1024K, 2 young (2048K), 2 survivors (2048K)
 Metaspace       used 74284K, capacity 76507K, committed 76796K, reserved 583680K
  class space    used 9624K, capacity 10526K, committed 10572K, reserved 516096K
}
Event: 302.425 GC heap before
{Heap before GC invocations=28 (full 0):
 garbage-first heap   total 129024K, used 77511K [0x0000000080000000, 0x0000000100000000)
  region size 1024K, 17 young (17408K), 2 survivors (2048K)
 Metaspace       used 76486K, capacity 78750K, committed 78844K, reserved 585728K
  class space    used 9862K, capacity 10783K, committed 10828K, reserved 516096K
}
Event: 302.457 GC heap after
{Heap after GC invocations=29 (full 0):
 garbage-first heap   total 129024K, used 63338K [0x0000000080000000, 0x0000000100000000)
  region size 1024K, 3 young (3072K), 3 survivors (3072K)
 Metaspace       used 76486K, capacity 78750K, committed 78844K, reserved 585728K
  class space    used 9862K, capacity 10783K, committed 10828K, reserved 516096K
}

