# JRE version: OpenJDK Runtime Environment Microsoft-7208460 (11.0.18+10) (build 11.0.18+10-LTS)
# Java VM: OpenJDK 64-Bit Server VM Microsoft-7208460 (11.0.18+10-LTS, mixed mode, tiered, compressed oops, g1 gc, windows-amd64)
Heap:
 garbage-first heap   total 129024K, used 53919K [0x0000000080000000, 0x0000000100000000)
  region size 1024K, 14 young (14336K), 7 survivors (7168K)
 Metaspace       used 68324K, capacity 70390K, committed 70608K, reserved 577536K
  class space    used 8907K, capacity 9755K, committed 9760K, reserved 516096K
GC Heap History (20 events):
Event: 49.729 GC heap before
{Heap before GC invocations=7 (full 0):
 garbage-first heap   total 129024K, used 22718K [0x0000000080000000, 0x0000000100000000)
  region size 1024K, 7 young (7168K), 6 survivors (6144K)
 Metaspace       used 35146K, capacity 35931K, committed 36048K, reserved 548864K
  class space    used 4487K, capacity 4822K, committed 4896K, reserved 516096K
}
Event: 49.755 GC heap after
{Heap after GC invocations=8 (full 0):
 garbage-first heap   total 129024K, used 23042K [0x0000000080000000, 0x0000000100000000)
  region size 1024K, 4 young (4096K), 4 survivors (4096K)
 Metaspace       used 35146K, capacity 35931K, committed 36048K, reserved 548864K
  class space    used 4487K, capacity 4822K, committed 4896K, reserved 516096K
}
Event: 57.834 GC heap before
{Heap before GC invocations=9 (full 0):
 garbage-first heap   total 129024K, used 76290K [0x0000000080000000, 0x0000000100000000)
  region size 1024K, 53 young (54272K), 4 survivors (4096K)
 Metaspace       used 40136K, capacity 41077K, committed 41168K, reserved 552960K
  class space    used 5038K, capacity 5403K, committed 5408K, reserved 516096K
}
Event: 57.855 GC heap after
{Heap after GC invocations=10 (full 0):
 garbage-first heap   total 129024K, used 27139K [0x0000000080000000, 0x0000000100000000)
  region size 1024K, 7 young (7168K), 7 survivors (7168K)
 Metaspace       used 40136K, capacity 41077K, committed 41168K, reserved 552960K
  class space    used 5038K, capacity 5403K, committed 5408K, reserved 516096K
}
Event: 128.606 GC heap before
{Heap before GC invocations=10 (full 0):
 garbage-first heap   total 129024K, used 79363K [0x0000000080000000, 0x0000000100000000)
  region size 1024K, 58 young (59392K), 7 survivors (7168K)
 Metaspace       used 42286K, capacity 43412K, committed 43600K, reserved 555008K
  class space    used 5341K, capacity 5786K, committed 5792K, reserved 516096K
}
Event: 128.749 GC heap after
{Heap after GC invocations=11 (full 0):
 garbage-first heap   total 129024K, used 29769K [0x0000000080000000, 0x0000000100000000)
  region size 1024K, 7 young (7168K), 7 survivors (7168K)
 Metaspace       used 42286K, capacity 43412K, committed 43600K, reserved 555008K
  class space    used 5341K, capacity 5786K, committed 5792K, reserved 516096K
}
Event: 172.041 GC heap before
{Heap before GC invocations=11 (full 0):
 garbage-first heap   total 129024K, used 84041K [0x0000000080000000, 0x0000000100000000)
  region size 1024K, 60 young (61440K), 7 survivors (7168K)
 Metaspace       used 46558K, capacity 47759K, committed 47824K, reserved 559104K
  class space    used 5905K, capacity 6379K, committed 6432K, reserved 516096K
}
Event: 172.081 GC heap after
{Heap after GC invocations=12 (full 0):
 garbage-first heap   total 129024K, used 31880K [0x0000000080000000, 0x0000000100000000)
  region size 1024K, 6 young (6144K), 6 survivors (6144K)
 Metaspace       used 46558K, capacity 47759K, committed 47824K, reserved 559104K
  class space    used 5905K, capacity 6379K, committed 6432K, reserved 516096K
}
Event: 191.642 GC heap before
{Heap before GC invocations=12 (full 0):
 garbage-first heap   total 129024K, used 87176K [0x0000000080000000, 0x0000000100000000)
  region size 1024K, 61 young (62464K), 6 survivors (6144K)
 Metaspace       used 50652K, capacity 52056K, committed 52304K, reserved 563200K
  class space    used 6483K, capacity 7043K, committed 7072K, reserved 516096K
}
Event: 191.660 GC heap after
{Heap after GC invocations=13 (full 0):
 garbage-first heap   total 129024K, used 33227K [0x0000000080000000, 0x0000000100000000)
  region size 1024K, 4 young (4096K), 4 survivors (4096K)
 Metaspace       used 50652K, capacity 52056K, committed 52304K, reserved 563200K
  class space    used 6483K, capacity 7043K, committed 7072K, reserved 516096K
}
Event: 212.827 GC heap before
{Heap before GC invocations=13 (full 0):
 garbage-first heap   total 129024K, used 94667K [0x0000000080000000, 0x0000000100000000)
  region size 1024K, 61 young (62464K), 4 survivors (4096K)
 Metaspace       used 55781K, capacity 57384K, committed 57552K, reserved 567296K
  class space    used 7207K, capacity 7862K, committed 7968K, reserved 516096K
}
Event: 212.856 GC heap after
{Heap after GC invocations=14 (full 0):
 garbage-first heap   total 129024K, used 41043K [0x0000000080000000, 0x0000000100000000)
  region size 1024K, 8 young (8192K), 8 survivors (8192K)
 Metaspace       used 55781K, capacity 57384K, committed 57552K, reserved 567296K
  class space    used 7207K, capacity 7862K, committed 7968K, reserved 516096K
}
Event: 218.129 GC heap before
{Heap before GC invocations=14 (full 0):
 garbage-first heap   total 129024K, used 74835K [0x0000000080000000, 0x0000000100000000)
  region size 1024K, 42 young (43008K), 8 survivors (8192K)
 Metaspace       used 58737K, capacity 60393K, committed 60496K, reserved 569344K
  class space    used 7613K, capacity 8311K, committed 8352K, reserved 516096K
}
Event: 218.165 GC heap after
{Heap after GC invocations=15 (full 0):
 garbage-first heap   total 129024K, used 42745K [0x0000000080000000, 0x0000000100000000)
  region size 1024K, 6 young (6144K), 6 survivors (6144K)
 Metaspace       used 58737K, capacity 60393K, committed 60496K, reserved 569344K
  class space    used 7613K, capacity 8311K, committed 8352K, reserved 516096K
}
Event: 229.465 GC heap before
{Heap before GC invocations=16 (full 0):
 garbage-first heap   total 129024K, used 98041K [0x0000000080000000, 0x0000000100000000)
  region size 1024K, 61 young (62464K), 6 survivors (6144K)
 Metaspace       used 62462K, capacity 64242K, committed 64336K, reserved 573440K
  class space    used 8094K, capacity 8800K, committed 8864K, reserved 516096K
}
Event: 229.572 GC heap after
{Heap after GC invocations=17 (full 0):
 garbage-first heap   total 129024K, used 44806K [0x0000000080000000, 0x0000000100000000)
  region size 1024K, 4 young (4096K), 4 survivors (4096K)
 Metaspace       used 62462K, capacity 64242K, committed 64336K, reserved 573440K
  class space    used 8094K, capacity 8800K, committed 8864K, reserved 516096K
}
Event: 245.670 GC heap before
{Heap before GC invocations=17 (full 0):
 garbage-first heap   total 129024K, used 100102K [0x0000000080000000, 0x0000000100000000)
  region size 1024K, 58 young (59392K), 4 survivors (4096K)
 Metaspace       used 65587K, capacity 67475K, committed 67664K, reserved 575488K
  class space    used 8549K, capacity 9336K, committed 9376K, reserved 516096K
}
Event: 245.688 GC heap after
{Heap after GC invocations=18 (full 0):
 garbage-first heap   total 129024K, used 46267K [0x0000000080000000, 0x0000000100000000)
  region size 1024K, 6 young (6144K), 6 survivors (6144K)
 Metaspace       used 65587K, capacity 67475K, committed 67664K, reserved 575488K
  class space    used 8549K, capacity 9336K, committed 9376K, reserved 516096K
}
Event: 298.930 GC heap before
{Heap before GC invocations=18 (full 0):
 garbage-first heap   total 129024K, used 101563K [0x0000000080000000, 0x0000000100000000)
  region size 1024K, 60 young (61440K), 6 survivors (6144K)
 Metaspace       used 67979K, capacity 70021K, committed 70352K, reserved 577536K
  class space    used 8855K, capacity 9656K, committed 9760K, reserved 516096K
}
Event: 299.162 GC heap after
{Heap after GC invocations=19 (full 0):
 garbage-first heap   total 129024K, used 48799K [0x0000000080000000, 0x0000000100000000)
  region size 1024K, 7 young (7168K), 7 survivors (7168K)
 Metaspace       used 67979K, capacity 70021K, committed 70352K, reserved 577536K
  class space    used 8855K, capacity 9656K, committed 9760K, reserved 516096K
}

