# JRE version: OpenJDK Runtime Environment Microsoft-7208460 (11.0.18+10) (build 11.0.18+10-LTS)
# Java VM: OpenJDK 64-Bit Server VM Microsoft-7208460 (11.0.18+10-LTS, mixed mode, tiered, compressed oops, g1 gc, windows-amd64)
Heap:
 garbage-first heap   total 129024K, used 96029K [0x0000000080000000, 0x0000000100000000)
  region size 1024K, 56 young (57344K), 6 survivors (6144K)
 Metaspace       used 67118K, capacity 69033K, committed 69116K, reserved 577536K
  class space    used 8702K, capacity 9480K, committed 9548K, reserved 516096K
GC Heap History (20 events):
Event: 48.102 GC heap before
{Heap before GC invocations=5 (full 0):
 garbage-first heap   total 129024K, used 69292K [0x0000000080000000, 0x0000000100000000)
  region size 1024K, 53 young (54272K), 2 survivors (2048K)
 Metaspace       used 26193K, capacity 26738K, committed 26876K, reserved 540672K
  class space    used 3358K, capacity 3589K, committed 3660K, reserved 516096K
}
Event: 48.109 GC heap after
{Heap after GC invocations=6 (full 0):
 garbage-first heap   total 129024K, used 19752K [0x0000000080000000, 0x0000000100000000)
  region size 1024K, 3 young (3072K), 3 survivors (3072K)
 Metaspace       used 26193K, capacity 26738K, committed 26876K, reserved 540672K
  class space    used 3358K, capacity 3589K, committed 3660K, reserved 516096K
}
Event: 52.840 GC heap before
{Heap before GC invocations=6 (full 0):
 garbage-first heap   total 129024K, used 83240K [0x0000000080000000, 0x0000000100000000)
  region size 1024K, 65 young (66560K), 3 survivors (3072K)
 Metaspace       used 33014K, capacity 33688K, committed 33788K, reserved 546816K
  class space    used 4301K, capacity 4591K, committed 4684K, reserved 516096K
}
Event: 52.851 GC heap after
{Heap after GC invocations=7 (full 0):
 garbage-first heap   total 129024K, used 22326K [0x0000000080000000, 0x0000000100000000)
  region size 1024K, 6 young (6144K), 6 survivors (6144K)
 Metaspace       used 33014K, capacity 33688K, committed 33788K, reserved 546816K
  class space    used 4301K, capacity 4591K, committed 4684K, reserved 516096K
}
Event: 53.158 GC heap before
{Heap before GC invocations=7 (full 0):
 garbage-first heap   total 129024K, used 26422K [0x0000000080000000, 0x0000000100000000)
  region size 1024K, 11 young (11264K), 6 survivors (6144K)
 Metaspace       used 35132K, capacity 35882K, committed 35964K, reserved 548864K
  class space    used 4474K, capacity 4790K, committed 4812K, reserved 516096K
}
Event: 53.180 GC heap after
{Heap after GC invocations=8 (full 0):
 garbage-first heap   total 129024K, used 23346K [0x0000000080000000, 0x0000000100000000)
  region size 1024K, 6 young (6144K), 6 survivors (6144K)
 Metaspace       used 35132K, capacity 35882K, committed 35964K, reserved 548864K
  class space    used 4474K, capacity 4790K, committed 4812K, reserved 516096K
}
Event: 65.074 GC heap before
{Heap before GC invocations=9 (full 0):
 garbage-first heap   total 129024K, used 90930K [0x0000000080000000, 0x0000000100000000)
  region size 1024K, 69 young (70656K), 6 survivors (6144K)
 Metaspace       used 40465K, capacity 41436K, committed 41468K, reserved 552960K
  class space    used 5065K, capacity 5442K, committed 5452K, reserved 516096K
}
Event: 65.103 GC heap after
{Heap after GC invocations=10 (full 0):
 garbage-first heap   total 129024K, used 28335K [0x0000000080000000, 0x0000000100000000)
  region size 1024K, 9 young (9216K), 9 survivors (9216K)
 Metaspace       used 40465K, capacity 41436K, committed 41468K, reserved 552960K
  class space    used 5065K, capacity 5442K, committed 5452K, reserved 516096K
}
Event: 150.290 GC heap before
{Heap before GC invocations=10 (full 0):
 garbage-first heap   total 129024K, used 92847K [0x0000000080000000, 0x0000000100000000)
  region size 1024K, 72 young (73728K), 9 survivors (9216K)
 Metaspace       used 44694K, capacity 45877K, committed 45948K, reserved 557056K
  class space    used 5608K, capacity 6079K, committed 6092K, reserved 516096K
}
Event: 150.334 GC heap after
{Heap after GC invocations=11 (full 0):
 garbage-first heap   total 129024K, used 30108K [0x0000000080000000, 0x0000000100000000)
  region size 1024K, 3 young (3072K), 3 survivors (3072K)
 Metaspace       used 44694K, capacity 45877K, committed 45948K, reserved 557056K
  class space    used 5608K, capacity 6079K, committed 6092K, reserved 516096K
}
Event: 187.497 GC heap before
{Heap before GC invocations=11 (full 0):
 garbage-first heap   total 129024K, used 96668K [0x0000000080000000, 0x0000000100000000)
  region size 1024K, 68 young (69632K), 3 survivors (3072K)
 Metaspace       used 49401K, capacity 50701K, committed 50940K, reserved 561152K
  class space    used 6310K, capacity 6852K, committed 6988K, reserved 516096K
}
Event: 187.732 GC heap after
{Heap after GC invocations=12 (full 0):
 garbage-first heap   total 129024K, used 32035K [0x0000000080000000, 0x0000000100000000)
  region size 1024K, 5 young (5120K), 5 survivors (5120K)
 Metaspace       used 49401K, capacity 50701K, committed 50940K, reserved 561152K
  class space    used 6310K, capacity 6852K, committed 6988K, reserved 516096K
}
Event: 216.600 GC heap before
{Heap before GC invocations=12 (full 0):
 garbage-first heap   total 129024K, used 101667K [0x0000000080000000, 0x0000000100000000)
  region size 1024K, 69 young (70656K), 5 survivors (5120K)
 Metaspace       used 54515K, capacity 55985K, committed 56188K, reserved 565248K
  class space    used 6987K, capacity 7589K, committed 7628K, reserved 516096K
}
Event: 216.633 GC heap after
{Heap after GC invocations=13 (full 0):
 garbage-first heap   total 129024K, used 40048K [0x0000000080000000, 0x0000000100000000)
  region size 1024K, 9 young (9216K), 9 survivors (9216K)
 Metaspace       used 54515K, capacity 55985K, committed 56188K, reserved 565248K
  class space    used 6987K, capacity 7589K, committed 7628K, reserved 516096K
}
Event: 226.380 GC heap before
{Heap before GC invocations=13 (full 0):
 garbage-first heap   total 129024K, used 85104K [0x0000000080000000, 0x0000000100000000)
  region size 1024K, 54 young (55296K), 9 survivors (9216K)
 Metaspace       used 58436K, capacity 60123K, committed 60284K, reserved 569344K
  class space    used 7572K, capacity 8269K, committed 8396K, reserved 516096K
}
Event: 226.417 GC heap after
{Heap after GC invocations=14 (full 0):
 garbage-first heap   total 129024K, used 42038K [0x0000000080000000, 0x0000000100000000)
  region size 1024K, 7 young (7168K), 7 survivors (7168K)
 Metaspace       used 58436K, capacity 60123K, committed 60284K, reserved 569344K
  class space    used 7572K, capacity 8269K, committed 8396K, reserved 516096K
}
Event: 231.509 GC heap before
{Heap before GC invocations=15 (full 0):
 garbage-first heap   total 129024K, used 99382K [0x0000000080000000, 0x0000000100000000)
  region size 1024K, 63 young (64512K), 7 survivors (7168K)
 Metaspace       used 62331K, capacity 64029K, committed 64380K, reserved 573440K
  class space    used 8093K, capacity 8800K, committed 8908K, reserved 516096K
}
Event: 231.524 GC heap after
{Heap after GC invocations=16 (full 0):
 garbage-first heap   total 129024K, used 43318K [0x0000000080000000, 0x0000000100000000)
  region size 1024K, 3 young (3072K), 3 survivors (3072K)
 Metaspace       used 62331K, capacity 64029K, committed 64380K, reserved 573440K
  class space    used 8093K, capacity 8800K, committed 8908K, reserved 516096K
}
Event: 248.525 GC heap before
{Heap before GC invocations=16 (full 0):
 garbage-first heap   total 129024K, used 101686K [0x0000000080000000, 0x0000000100000000)
  region size 1024K, 60 young (61440K), 3 survivors (3072K)
 Metaspace       used 65480K, capacity 67450K, committed 67708K, reserved 575488K
  class space    used 8534K, capacity 9333K, committed 9420K, reserved 516096K
}
Event: 248.550 GC heap after
{Heap after GC invocations=17 (full 0):
 garbage-first heap   total 129024K, used 45853K [0x0000000080000000, 0x0000000100000000)
  region size 1024K, 6 young (6144K), 6 survivors (6144K)
 Metaspace       used 65480K, capacity 67450K, committed 67708K, reserved 575488K
  class space    used 8534K, capacity 9333K, committed 9420K, reserved 516096K
}

